This is XeTeX, Version 3.141592653-2.6-0.999994 (TeX Live 2022) (preloaded format=xelatex 2023.3.10)  10 MAR 2023 19:01
entering extended mode
 restricted \write18 enabled.
 %&-line parsing enabled.
**thesis.tex
(./thesis.tex
LaTeX2e <2022-11-01> patch level 1
L3 programming layer <2023-02-22> (./isuthesis.cls
Document Class: isuthesis 2011/02/14 v1.03 (Joe Struss)
Document Class: isuthesis 2011/02/14
(c:/Users/jzemm/AppData/Roaming/TinyTeX/texmf-dist/tex/latex/base/report.cls
Document Class: report 2022/07/02 v1.4n Standard LaTeX document class
(c:/Users/jzemm/AppData/Roaming/TinyTeX/texmf-dist/tex/latex/base/size11.clo
File: size11.clo 2022/07/02 v1.4n Standard LaTeX file (size option)
)
\c@part=\count181
\c@chapter=\count182
\c@section=\count183
\c@subsection=\count184
\c@subsubsection=\count185
\c@paragraph=\count186
\c@subparagraph=\count187
\c@figure=\count188
\c@table=\count189
\abovecaptionskip=\skip48
\belowcaptionskip=\skip49
\bibindent=\dimen140
) (c:/Users/jzemm/AppData/Roaming/TinyTeX/texmf-dist/tex/latex/geometry/geometry.sty
Package: geometry 2020/01/02 v5.9 Page Geometry
(c:/Users/jzemm/AppData/Roaming/TinyTeX/texmf-dist/tex/latex/graphics/keyval.sty
Package: keyval 2022/05/29 v1.15 key=value parser (DPC)
\KV@toks@=\toks16
) (c:/Users/jzemm/AppData/Roaming/TinyTeX/texmf-dist/tex/generic/iftex/ifvtex.sty
Package: ifvtex 2019/10/25 v1.7 ifvtex legacy package. Use iftex instead.
(c:/Users/jzemm/AppData/Roaming/TinyTeX/texmf-dist/tex/generic/iftex/iftex.sty
Package: iftex 2022/02/03 v1.0f TeX engine tests
))
\Gm@cnth=\count190
\Gm@cntv=\count191
\c@Gm@tempcnt=\count192
\Gm@bindingoffset=\dimen141
\Gm@wd@mp=\dimen142
\Gm@odd@mp=\dimen143
\Gm@even@mp=\dimen144
\Gm@layoutwidth=\dimen145
\Gm@layoutheight=\dimen146
\Gm@layouthoffset=\dimen147
\Gm@layoutvoffset=\dimen148
\Gm@dimlist=\toks17
)
\captionwidth=\dimen149
\@deptnum=\count193
\@majornum=\count194
\@numcomm=\count195
\@signwidth=\dimen150
\signdeptnum=\count196
\signmajornum=\count197
\@linecount=\count198
) (c:/Users/jzemm/AppData/Roaming/TinyTeX/texmf-dist/tex/latex/lm/lmodern.sty
Package: lmodern 2015/05/01 v1.6.1 Latin Modern Fonts
LaTeX Font Info:    Overwriting symbol font `operators' in version `normal'
(Font)                  OT1/cmr/m/n --> OT1/lmr/m/n on input line 22.
LaTeX Font Info:    Overwriting symbol font `letters' in version `normal'
(Font)                  OML/cmm/m/it --> OML/lmm/m/it on input line 23.
LaTeX Font Info:    Overwriting symbol font `symbols' in version `normal'
(Font)                  OMS/cmsy/m/n --> OMS/lmsy/m/n on input line 24.
LaTeX Font Info:    Overwriting symbol font `largesymbols' in version `normal'
(Font)                  OMX/cmex/m/n --> OMX/lmex/m/n on input line 25.
LaTeX Font Info:    Overwriting symbol font `operators' in version `bold'
(Font)                  OT1/cmr/bx/n --> OT1/lmr/bx/n on input line 26.
LaTeX Font Info:    Overwriting symbol font `letters' in version `bold'
(Font)                  OML/cmm/b/it --> OML/lmm/b/it on input line 27.
LaTeX Font Info:    Overwriting symbol font `symbols' in version `bold'
(Font)                  OMS/cmsy/b/n --> OMS/lmsy/b/n on input line 28.
LaTeX Font Info:    Overwriting symbol font `largesymbols' in version `bold'
(Font)                  OMX/cmex/m/n --> OMX/lmex/m/n on input line 29.
LaTeX Font Info:    Overwriting math alphabet `\mathbf' in version `normal'
(Font)                  OT1/cmr/bx/n --> OT1/lmr/bx/n on input line 31.
LaTeX Font Info:    Overwriting math alphabet `\mathsf' in version `normal'
(Font)                  OT1/cmss/m/n --> OT1/lmss/m/n on input line 32.
LaTeX Font Info:    Overwriting math alphabet `\mathit' in version `normal'
(Font)                  OT1/cmr/m/it --> OT1/lmr/m/it on input line 33.
LaTeX Font Info:    Overwriting math alphabet `\mathtt' in version `normal'
(Font)                  OT1/cmtt/m/n --> OT1/lmtt/m/n on input line 34.
LaTeX Font Info:    Overwriting math alphabet `\mathbf' in version `bold'
(Font)                  OT1/cmr/bx/n --> OT1/lmr/bx/n on input line 35.
LaTeX Font Info:    Overwriting math alphabet `\mathsf' in version `bold'
(Font)                  OT1/cmss/bx/n --> OT1/lmss/bx/n on input line 36.
LaTeX Font Info:    Overwriting math alphabet `\mathit' in version `bold'
(Font)                  OT1/cmr/bx/it --> OT1/lmr/bx/it on input line 37.
LaTeX Font Info:    Overwriting math alphabet `\mathtt' in version `bold'
(Font)                  OT1/cmtt/m/n --> OT1/lmtt/m/n on input line 38.
) (./isutraditional.sty (c:/Users/jzemm/AppData/Roaming/TinyTeX/texmf-dist/tex/latex/subfig/subfig.sty
Package: subfig 2005/06/28 ver: 1.3 subfig package
(c:/Users/jzemm/AppData/Roaming/TinyTeX/texmf-dist/tex/latex/caption/caption.sty
Package: caption 2022/03/01 v3.6b Customizing captions (AR)
(c:/Users/jzemm/AppData/Roaming/TinyTeX/texmf-dist/tex/latex/caption/caption3.sty
Package: caption3 2022/03/17 v2.3b caption3 kernel (AR)
\caption@tempdima=\dimen151
\captionmargin=\dimen152
\caption@leftmargin=\dimen153
\caption@rightmargin=\dimen154
\caption@width=\dimen155
\caption@indent=\dimen156
\caption@parindent=\dimen157
\caption@hangindent=\dimen158
Package caption Info: Unknown document class (or package),
(caption)             standard defaults will be used.
Package caption Info: \@makecaption = \long macro:#1#2-> \vskip 10pt \newbox \@tempboxb \setbox \@tempboxa \hbox {#2} \setbox \@tempboxb \hbox {#1~~~} \advance \captionwidth by -\wd \@tempboxb \ifdim \captionwidth < \wd \@tempboxa \hbox to \hsize {\hfil \box \@tempboxb \parbox [t]{\captionwidth }{\unhbox \@tempboxa }\hfil } \else \hbox to \hsize {\hfil \box \@tempboxb \box \@tempboxa \hfil } \fi  on input line 1176.
)

Package caption Warning: Unknown document class (or package),
(caption)                standard defaults will be used.
See the caption package documentation for explanation.

\c@caption@flags=\count199
\c@continuedfloat=\count266
)
\c@KVtest=\count267
\sf@farskip=\skip50
\sf@captopadj=\dimen159
\sf@capskip=\skip51
\sf@nearskip=\skip52
\c@subfigure=\count268
\c@subfigure@save=\count269
\c@lofdepth=\count270
\c@subtable=\count271
\c@subtable@save=\count272
\c@lotdepth=\count273
\sf@top=\skip53
\sf@bottom=\skip54
) (c:/Users/jzemm/AppData/Roaming/TinyTeX/texmf-dist/tex/latex/booktabs/booktabs.sty
Package: booktabs 2020/01/12 v1.61803398 Publication quality tables
\heavyrulewidth=\dimen160
\lightrulewidth=\dimen161
\cmidrulewidth=\dimen162
\belowrulesep=\dimen163
\belowbottomsep=\dimen164
\aboverulesep=\dimen165
\abovetopsep=\dimen166
\cmidrulesep=\dimen167
\cmidrulekern=\dimen168
\defaultaddspace=\dimen169
\@cmidla=\count274
\@cmidlb=\count275
\@aboverulesep=\dimen170
\@belowrulesep=\dimen171
\@thisruleclass=\count276
\@lastruleclass=\count277
\@thisrulewidth=\dimen172
) (c:/Users/jzemm/AppData/Roaming/TinyTeX/texmf-dist/tex/latex/hyperref/nameref.sty
Package: nameref 2022-05-17 v2.50 Cross-referencing by name of section
(c:/Users/jzemm/AppData/Roaming/TinyTeX/texmf-dist/tex/latex/refcount/refcount.sty
Package: refcount 2019/12/15 v3.6 Data extraction from label references (HO)
(c:/Users/jzemm/AppData/Roaming/TinyTeX/texmf-dist/tex/generic/ltxcmds/ltxcmds.sty
Package: ltxcmds 2020-05-10 v1.25 LaTeX kernel commands for general use (HO)
) (c:/Users/jzemm/AppData/Roaming/TinyTeX/texmf-dist/tex/generic/infwarerr/infwarerr.sty
Package: infwarerr 2019/12/03 v1.5 Providing info/warning/error messages (HO)
)) (c:/Users/jzemm/AppData/Roaming/TinyTeX/texmf-dist/tex/generic/gettitlestring/gettitlestring.sty
Package: gettitlestring 2019/12/15 v1.6 Cleanup title references (HO)
(c:/Users/jzemm/AppData/Roaming/TinyTeX/texmf-dist/tex/latex/kvoptions/kvoptions.sty
Package: kvoptions 2022-06-15 v3.15 Key value format for package options (HO)
(c:/Users/jzemm/AppData/Roaming/TinyTeX/texmf-dist/tex/latex/kvsetkeys/kvsetkeys.sty
Package: kvsetkeys 2022-10-05 v1.19 Key value parser (HO)
)))
\c@section@level=\count278
) (c:/Users/jzemm/AppData/Roaming/TinyTeX/texmf-dist/tex/latex/tools/longtable.sty
Package: longtable 2021-09-01 v4.17 Multi-page Table package (DPC)
\LTleft=\skip55
\LTright=\skip56
\LTpre=\skip57
\LTpost=\skip58
\LTchunksize=\count279
\LTcapwidth=\dimen173
\LT@head=\box51
\LT@firsthead=\box52
\LT@foot=\box53
\LT@lastfoot=\box54
\LT@gbox=\box55
\LT@cols=\count280
\LT@rows=\count281
\c@LT@tables=\count282
\c@LT@chunks=\count283
\LT@p@ftn=\toks18
) (c:/Users/jzemm/AppData/Roaming/TinyTeX/texmf-dist/tex/latex/tools/array.sty
Package: array 2022/09/04 v2.5g Tabular extension package (FMi)
\col@sep=\dimen174
\ar@mcellbox=\box56
\extrarowheight=\dimen175
\NC@list=\toks19
\extratabsurround=\skip59
\backup@length=\skip60
\ar@cellbox=\box57
) (c:/Users/jzemm/AppData/Roaming/TinyTeX/texmf-dist/tex/latex/multirow/multirow.sty
Package: multirow 2021/03/15 v2.8 Span multiple rows of a table
\multirow@colwidth=\skip61
\multirow@cntb=\count284
\multirow@dima=\skip62
\bigstrutjot=\dimen176
) (c:/Users/jzemm/AppData/Roaming/TinyTeX/texmf-dist/tex/latex/wrapfig/wrapfig.sty
\wrapoverhang=\dimen177
\WF@size=\dimen178
\c@WF@wrappedlines=\count285
\WF@box=\box58
\WF@everypar=\toks20
Package: wrapfig 2003/01/31  v 3.6
) (c:/Users/jzemm/AppData/Roaming/TinyTeX/texmf-dist/tex/latex/float/float.sty
Package: float 2001/11/08 v1.3d Float enhancements (AL)
\c@float@type=\count286
\float@exts=\toks21
\float@box=\box59
\@float@everytoks=\toks22
\@floatcapt=\box60
) (c:/Users/jzemm/AppData/Roaming/TinyTeX/texmf-dist/tex/latex/pdflscape/pdflscape.sty
Package: pdflscape 2022-10-27 v0.13 Display of landscape pages in PDF
(c:/Users/jzemm/AppData/Roaming/TinyTeX/texmf-dist/tex/latex/pdflscape/pdflscape-nometadata.sty
Package: pdflscape-nometadata 2022-10-28 v0.13 Display of landscape pages in PDF (HO)
(c:/Users/jzemm/AppData/Roaming/TinyTeX/texmf-dist/tex/latex/graphics/lscape.sty
Package: lscape 2020/05/28 v3.02 Landscape Pages (DPC)
(c:/Users/jzemm/AppData/Roaming/TinyTeX/texmf-dist/tex/latex/graphics/graphics.sty
Package: graphics 2022/03/10 v1.4e Standard LaTeX Graphics (DPC,SPQR)
(c:/Users/jzemm/AppData/Roaming/TinyTeX/texmf-dist/tex/latex/graphics/trig.sty
Package: trig 2021/08/11 v1.11 sin cos tan (DPC)
) (c:/Users/jzemm/AppData/Roaming/TinyTeX/texmf-dist/tex/latex/graphics-cfg/graphics.cfg
File: graphics.cfg 2016/06/04 v1.11 sample graphics configuration
)
Package graphics Info: Driver file: xetex.def on input line 107.
(c:/Users/jzemm/AppData/Roaming/TinyTeX/texmf-dist/tex/latex/graphics-def/xetex.def
File: xetex.def 2022/09/22 v5.0n Graphics/color driver for xetex
)))
Package pdflscape Info: Auto-detected driver: dvipdfm (xetex) on input line 98.
)) (c:/Users/jzemm/AppData/Roaming/TinyTeX/texmf-dist/tex/latex/tabu/tabu.sty
Package: tabu 2019/01/11 v2.9 - flexible LaTeX tabulars (FC+tabu-fixed)
(c:/Users/jzemm/AppData/Roaming/TinyTeX/texmf-dist/tex/latex/varwidth/varwidth.sty
Package: varwidth 2009/03/30 ver 0.92;  Variable-width minipages
\@vwid@box=\box61
\sift@deathcycles=\count287
\@vwid@loff=\dimen179
\@vwid@roff=\dimen180
)
\c@taburow=\count288
\tabu@nbcols=\count289
\tabu@cnt=\count290
\tabu@Xcol=\count291
\tabu@alloc=\count292
\tabu@nested=\count293
\tabu@target=\dimen181
\tabu@spreadtarget=\dimen182
\tabu@naturalX=\dimen183
\tabucolX=\dimen184
\tabu@Xsum=\dimen185
\extrarowdepth=\dimen186
\abovetabulinesep=\dimen187
\belowtabulinesep=\dimen188
\tabustrutrule=\dimen189
\tabu@thebody=\toks23
\tabu@footnotes=\toks24
\tabu@box=\box62
\tabu@arstrutbox=\box63
\tabu@hleads=\box64
\tabu@vleads=\box65
\tabu@cellskip=\skip63
) (c:/Users/jzemm/AppData/Roaming/TinyTeX/texmf-dist/tex/latex/threeparttable/threeparttable.sty
Package: threeparttable 2003/06/13  v 3.0
\@tempboxb=\box66
) (c:/Users/jzemm/AppData/Roaming/TinyTeX/texmf-dist/tex/latex/threeparttablex/threeparttablex.sty
Package: threeparttablex 2013/07/23 v0.3 by daleif
(c:/Users/jzemm/AppData/Roaming/TinyTeX/texmf-dist/tex/latex/environ/environ.sty
Package: environ 2014/05/04 v0.3 A new way to define environments
(c:/Users/jzemm/AppData/Roaming/TinyTeX/texmf-dist/tex/latex/trimspaces/trimspaces.sty
Package: trimspaces 2009/09/17 v1.1 Trim spaces around a token list
)
\@envbody=\toks25
)
\TPTL@width=\skip64
) (c:/Users/jzemm/AppData/Roaming/TinyTeX/texmf-dist/tex/generic/ulem/ulem.sty
\UL@box=\box67
\UL@hyphenbox=\box68
\UL@skip=\skip65
\UL@hook=\toks26
\UL@height=\dimen190
\UL@pe=\count294
\UL@pixel=\dimen191
\ULC@box=\box69
Package: ulem 2019/11/18
\ULdepth=\dimen192
)) (c:/Users/jzemm/AppData/Roaming/TinyTeX/texmf-dist/tex/latex/makecell/makecell.sty
Package: makecell 2009/08/03 V0.1e Managing of Tab Column Heads and Cells
\rotheadsize=\dimen193
\c@nlinenum=\count295
\TeXr@lab=\toks27
) (c:/Users/jzemm/AppData/Roaming/TinyTeX/texmf-dist/tex/latex/amsfonts/amssymb.sty
Package: amssymb 2013/01/14 v3.01 AMS font symbols
(c:/Users/jzemm/AppData/Roaming/TinyTeX/texmf-dist/tex/latex/amsfonts/amsfonts.sty
Package: amsfonts 2013/01/14 v3.01 Basic AMSFonts support
\@emptytoks=\toks28
\symAMSa=\mathgroup4
\symAMSb=\mathgroup5
LaTeX Font Info:    Redeclaring math symbol \hbar on input line 98.
LaTeX Font Info:    Overwriting math alphabet `\mathfrak' in version `bold'
(Font)                  U/euf/m/n --> U/euf/b/n on input line 106.
)) (c:/Users/jzemm/AppData/Roaming/TinyTeX/texmf-dist/tex/latex/amsmath/amsmath.sty
Package: amsmath 2022/04/08 v2.17n AMS math features
\@mathmargin=\skip66
For additional information on amsmath, use the `?' option.
(c:/Users/jzemm/AppData/Roaming/TinyTeX/texmf-dist/tex/latex/amsmath/amstext.sty
Package: amstext 2021/08/26 v2.01 AMS text
(c:/Users/jzemm/AppData/Roaming/TinyTeX/texmf-dist/tex/latex/amsmath/amsgen.sty
File: amsgen.sty 1999/11/30 v2.0 generic functions
\@emptytoks=\toks29
\ex@=\dimen194
)) (c:/Users/jzemm/AppData/Roaming/TinyTeX/texmf-dist/tex/latex/amsmath/amsbsy.sty
Package: amsbsy 1999/11/29 v1.2d Bold Symbols
\pmbraise@=\dimen195
) (c:/Users/jzemm/AppData/Roaming/TinyTeX/texmf-dist/tex/latex/amsmath/amsopn.sty
Package: amsopn 2022/04/08 v2.04 operator names
)
\inf@bad=\count296
LaTeX Info: Redefining \frac on input line 234.
\uproot@=\count297
\leftroot@=\count298
LaTeX Info: Redefining \overline on input line 399.
LaTeX Info: Redefining \colon on input line 410.
\classnum@=\count299
\DOTSCASE@=\count300
LaTeX Info: Redefining \ldots on input line 496.
LaTeX Info: Redefining \dots on input line 499.
LaTeX Info: Redefining \cdots on input line 620.
\Mathstrutbox@=\box70
\strutbox@=\box71
LaTeX Info: Redefining \big on input line 722.
LaTeX Info: Redefining \Big on input line 723.
LaTeX Info: Redefining \bigg on input line 724.
LaTeX Info: Redefining \Bigg on input line 725.
\big@size=\dimen196
LaTeX Font Info:    Redeclaring font encoding OML on input line 743.
LaTeX Font Info:    Redeclaring font encoding OMS on input line 744.
\macc@depth=\count301
LaTeX Info: Redefining \bmod on input line 905.
LaTeX Info: Redefining \pmod on input line 910.
LaTeX Info: Redefining \smash on input line 940.
LaTeX Info: Redefining \relbar on input line 970.
LaTeX Info: Redefining \Relbar on input line 971.
\c@MaxMatrixCols=\count302
\dotsspace@=\muskip16
\c@parentequation=\count303
\dspbrk@lvl=\count304
\tag@help=\toks30
\row@=\count305
\column@=\count306
\maxfields@=\count307
\andhelp@=\toks31
\eqnshift@=\dimen197
\alignsep@=\dimen198
\tagshift@=\dimen199
\tagwidth@=\dimen256
\totwidth@=\dimen257
\lineht@=\dimen258
\@envbody=\toks32
\multlinegap=\skip67
\multlinetaggap=\skip68
\mathdisplay@stack=\toks33
LaTeX Info: Redefining \[ on input line 2953.
LaTeX Info: Redefining \] on input line 2954.
) (c:/Users/jzemm/AppData/Roaming/TinyTeX/texmf-dist/tex/latex/psnfss/mathptmx.sty
Package: mathptmx 2020/03/25 PSNFSS-v9.3 Times w/ Math, improved (SPQR, WaS) 
LaTeX Font Info:    Redeclaring symbol font `operators' on input line 28.
LaTeX Font Info:    Overwriting symbol font `operators' in version `normal'
(Font)                  OT1/lmr/m/n --> OT1/ztmcm/m/n on input line 28.
LaTeX Font Info:    Overwriting symbol font `operators' in version `bold'
(Font)                  OT1/lmr/bx/n --> OT1/ztmcm/m/n on input line 28.
LaTeX Font Info:    Redeclaring symbol font `letters' on input line 29.
LaTeX Font Info:    Overwriting symbol font `letters' in version `normal'
(Font)                  OML/lmm/m/it --> OML/ztmcm/m/it on input line 29.
LaTeX Font Info:    Overwriting symbol font `letters' in version `bold'
(Font)                  OML/lmm/b/it --> OML/ztmcm/m/it on input line 29.
LaTeX Font Info:    Redeclaring symbol font `symbols' on input line 30.
LaTeX Font Info:    Overwriting symbol font `symbols' in version `normal'
(Font)                  OMS/lmsy/m/n --> OMS/ztmcm/m/n on input line 30.
LaTeX Font Info:    Overwriting symbol font `symbols' in version `bold'
(Font)                  OMS/lmsy/b/n --> OMS/ztmcm/m/n on input line 30.
LaTeX Font Info:    Redeclaring symbol font `largesymbols' on input line 31.
LaTeX Font Info:    Overwriting symbol font `largesymbols' in version `normal'
(Font)                  OMX/lmex/m/n --> OMX/ztmcm/m/n on input line 31.
LaTeX Font Info:    Overwriting symbol font `largesymbols' in version `bold'
(Font)                  OMX/lmex/m/n --> OMX/ztmcm/m/n on input line 31.
\symbold=\mathgroup6
\symitalic=\mathgroup7
LaTeX Font Info:    Redeclaring math alphabet \mathbf on input line 34.
LaTeX Font Info:    Overwriting math alphabet `\mathbf' in version `normal'
(Font)                  OT1/lmr/bx/n --> OT1/ptm/bx/n on input line 34.
LaTeX Font Info:    Overwriting math alphabet `\mathbf' in version `bold'
(Font)                  OT1/lmr/bx/n --> OT1/ptm/bx/n on input line 34.
LaTeX Font Info:    Redeclaring math alphabet \mathit on input line 35.
LaTeX Font Info:    Overwriting math alphabet `\mathit' in version `normal'
(Font)                  OT1/lmr/m/it --> OT1/ptm/m/it on input line 35.
LaTeX Font Info:    Overwriting math alphabet `\mathit' in version `bold'
(Font)                  OT1/lmr/bx/it --> OT1/ptm/m/it on input line 35.
LaTeX Info: Redefining \hbar on input line 50.
) (c:/Users/jzemm/AppData/Roaming/TinyTeX/texmf-dist/tex/latex/stmaryrd/stmaryrd.sty
Package: stmaryrd 1994/03/03 St Mary's Road symbol package
\symstmry=\mathgroup8
LaTeX Font Info:    Overwriting symbol font `stmry' in version `bold'
(Font)                  U/stmry/m/n --> U/stmry/b/n on input line 89.
) (c:/Users/jzemm/AppData/Roaming/TinyTeX/texmf-dist/tex/generic/iftex/ifxetex.sty
Package: ifxetex 2019/10/25 v0.7 ifxetex legacy package. Use iftex instead.
) (c:/Users/jzemm/AppData/Roaming/TinyTeX/texmf-dist/tex/generic/iftex/ifluatex.sty
Package: ifluatex 2019/10/25 v1.5 ifluatex legacy package. Use iftex instead.
) (c:/Users/jzemm/AppData/Roaming/TinyTeX/texmf-dist/tex/latex/base/fixltx2e.sty
Package: fixltx2e 2016/12/29 v2.1a fixes to LaTeX (obsolete)
Applying: [2015/01/01] Old fixltx2e package on input line 46.

Package fixltx2e Warning: fixltx2e is not required with releases after 2015
(fixltx2e)                All fixes are now in the LaTeX kernel.
(fixltx2e)                See the latexrelease package for details.

Already applied: [0000/00/00] Old fixltx2e package on input line 53.
) (c:/Users/jzemm/AppData/Roaming/TinyTeX/texmf-dist/tex/xelatex/mathspec/mathspec.sty
Package: mathspec 2016/12/22 v0.2b LaTeX Package (Mathematics font selection for XeLaTeX)
(c:/Users/jzemm/AppData/Roaming/TinyTeX/texmf-dist/tex/latex/etoolbox/etoolbox.sty
Package: etoolbox 2020/10/05 v2.5k e-TeX tools for LaTeX (JAW)
\etb@tempcnta=\count308
) (c:/Users/jzemm/AppData/Roaming/TinyTeX/texmf-dist/tex/latex/fontspec/fontspec.sty (c:/Users/jzemm/AppData/Roaming/TinyTeX/texmf-dist/tex/latex/l3packages/xparse/xparse.sty (c:/Users/jzemm/AppData/Roaming/TinyTeX/texmf-dist/tex/latex/l3kernel/expl3.sty
Package: expl3 2023-02-22 L3 programming layer (loader) 
(c:/Users/jzemm/AppData/Roaming/TinyTeX/texmf-dist/tex/latex/l3backend/l3backend-xetex.def
File: l3backend-xetex.def 2023-01-16 L3 backend support: XeTeX
\g__graphics_track_int=\count309
\l__pdf_internal_box=\box72
\g__pdf_backend_object_int=\count310
\g__pdf_backend_annotation_int=\count311
\g__pdf_backend_link_int=\count312
))
Package: xparse 2023-02-02 L3 Experimental document command parser
)
Package: fontspec 2022/01/15 v2.8a Font selection for XeLaTeX and LuaLaTeX
(c:/Users/jzemm/AppData/Roaming/TinyTeX/texmf-dist/tex/latex/fontspec/fontspec-xetex.sty
Package: fontspec-xetex 2022/01/15 v2.8a Font selection for XeLaTeX and LuaLaTeX
\l__fontspec_script_int=\count313
\l__fontspec_language_int=\count314
\l__fontspec_strnum_int=\count315
\l__fontspec_tmp_int=\count316
\l__fontspec_tmpa_int=\count317
\l__fontspec_tmpb_int=\count318
\l__fontspec_tmpc_int=\count319
\l__fontspec_em_int=\count320
\l__fontspec_emdef_int=\count321
\l__fontspec_strong_int=\count322
\l__fontspec_strongdef_int=\count323
\l__fontspec_tmpa_dim=\dimen259
\l__fontspec_tmpb_dim=\dimen260
\l__fontspec_tmpc_dim=\dimen261
(c:/Users/jzemm/AppData/Roaming/TinyTeX/texmf-dist/tex/latex/base/fontenc.sty
Package: fontenc 2021/04/29 v2.0v Standard LaTeX package
) (c:/Users/jzemm/AppData/Roaming/TinyTeX/texmf-dist/tex/latex/fontspec/fontspec.cfg))) (c:/Users/jzemm/AppData/Roaming/TinyTeX/texmf-dist/tex/latex/xkeyval/xkeyval.sty
Package: xkeyval 2022/06/16 v2.9 package option processing (HA)
(c:/Users/jzemm/AppData/Roaming/TinyTeX/texmf-dist/tex/generic/xkeyval/xkeyval.tex (c:/Users/jzemm/AppData/Roaming/TinyTeX/texmf-dist/tex/generic/xkeyval/xkvutils.tex
\XKV@toks=\toks34
\XKV@tempa@toks=\toks35
)
\XKV@depth=\count324
File: xkeyval.tex 2014/12/03 v2.7a key=value parser (HA)
))
LaTeX Font Info:    Redeclaring math symbol \omicron on input line 105.
\c@eu@=\count325
\c@eu@i=\count326
\c@mkern=\count327
) (c:/Users/jzemm/AppData/Roaming/TinyTeX/texmf-dist/tex/latex/upquote/upquote.sty
Package: upquote 2012/04/19 v1.3 upright-quote and grave-accent glyphs in verbatim
(c:/Users/jzemm/AppData/Roaming/TinyTeX/texmf-dist/tex/latex/base/textcomp.sty
Package: textcomp 2020/02/02 v2.0n Standard LaTeX package
)) (c:/Users/jzemm/AppData/Roaming/TinyTeX/texmf-dist/tex/latex/microtype/microtype.sty
Package: microtype 2023/03/06 v3.1 Micro-typographical refinements (RS)
\MT@toks=\toks36
\MT@tempbox=\box73
\MT@count=\count328
LaTeX Info: Redefining \noprotrusionifhmode on input line 1060.
LaTeX Info: Redefining \leftprotrusion on input line 1061.
\MT@prot@toks=\toks37
LaTeX Info: Redefining \rightprotrusion on input line 1079.
LaTeX Info: Redefining \textls on input line 1355.
\MT@outer@kern=\dimen262
LaTeX Info: Redefining \textmicrotypecontext on input line 1975.
\MT@listname@count=\count329
(c:/Users/jzemm/AppData/Roaming/TinyTeX/texmf-dist/tex/latex/microtype/microtype-xetex.def
File: microtype-xetex.def 2023/03/06 v3.1 Definitions specific to xetex (RS)
LaTeX Info: Redefining \lsstyle on input line 239.
)
Package microtype Info: Loading configuration file microtype.cfg.
(c:/Users/jzemm/AppData/Roaming/TinyTeX/texmf-dist/tex/latex/microtype/microtype.cfg
File: microtype.cfg 2023/03/06 v3.1 microtype main configuration file (RS)
)) (./natbib.sty
Package: natbib 1996/06/17 6.3 (PWD)
\bibhang=\skip69
\bibsep=\skip70
LaTeX Info: Redefining \cite on input line 314.
\c@NAT@ctr=\count330
) (c:/Users/jzemm/AppData/Roaming/TinyTeX/texmf-dist/tex/latex/hyperref/hyperref.sty
Package: hyperref 2023-02-07 v7.00v Hypertext links for LaTeX
(c:/Users/jzemm/AppData/Roaming/TinyTeX/texmf-dist/tex/generic/pdftexcmds/pdftexcmds.sty
Package: pdftexcmds 2020-06-27 v0.33 Utility functions of pdfTeX for LuaTeX (HO)
Package pdftexcmds Info: \pdf@primitive is available.
Package pdftexcmds Info: \pdf@ifprimitive is available.
Package pdftexcmds Info: \pdfdraftmode not found.
) (c:/Users/jzemm/AppData/Roaming/TinyTeX/texmf-dist/tex/generic/kvdefinekeys/kvdefinekeys.sty
Package: kvdefinekeys 2019-12-19 v1.6 Define keys (HO)
) (c:/Users/jzemm/AppData/Roaming/TinyTeX/texmf-dist/tex/generic/pdfescape/pdfescape.sty
Package: pdfescape 2019/12/09 v1.15 Implements pdfTeX's escape features (HO)
) (c:/Users/jzemm/AppData/Roaming/TinyTeX/texmf-dist/tex/latex/hycolor/hycolor.sty
Package: hycolor 2020-01-27 v1.10 Color options for hyperref/bookmark (HO)
) (c:/Users/jzemm/AppData/Roaming/TinyTeX/texmf-dist/tex/latex/letltxmacro/letltxmacro.sty
Package: letltxmacro 2019/12/03 v1.6 Let assignment for LaTeX macros (HO)
) (c:/Users/jzemm/AppData/Roaming/TinyTeX/texmf-dist/tex/latex/auxhook/auxhook.sty
Package: auxhook 2019-12-17 v1.6 Hooks for auxiliary files (HO)
)
\@linkdim=\dimen263
\Hy@linkcounter=\count331
\Hy@pagecounter=\count332
(c:/Users/jzemm/AppData/Roaming/TinyTeX/texmf-dist/tex/latex/hyperref/pd1enc.def
File: pd1enc.def 2023-02-07 v7.00v Hyperref: PDFDocEncoding definition (HO)
) (c:/Users/jzemm/AppData/Roaming/TinyTeX/texmf-dist/tex/generic/intcalc/intcalc.sty
Package: intcalc 2019/12/15 v1.3 Expandable calculations with integers (HO)
) (c:/Users/jzemm/AppData/Roaming/TinyTeX/texmf-dist/tex/generic/etexcmds/etexcmds.sty
Package: etexcmds 2019/12/15 v1.7 Avoid name clashes with e-TeX commands (HO)
)
\Hy@SavedSpaceFactor=\count333
(c:/Users/jzemm/AppData/Roaming/TinyTeX/texmf-dist/tex/latex/hyperref/puenc.def
File: puenc.def 2023-02-07 v7.00v Hyperref: PDF Unicode definition (HO)
)
Package hyperref Info: Hyper figures OFF on input line 4177.
Package hyperref Info: Link nesting OFF on input line 4182.
Package hyperref Info: Hyper index ON on input line 4185.
Package hyperref Info: Plain pages OFF on input line 4192.
Package hyperref Info: Backreferencing OFF on input line 4197.
Package hyperref Info: Implicit mode ON; LaTeX internals redefined.
Package hyperref Info: Bookmarks ON on input line 4425.
\c@Hy@tempcnt=\count334
(c:/Users/jzemm/AppData/Roaming/TinyTeX/texmf-dist/tex/latex/url/url.sty
\Urlmuskip=\muskip17
Package: url 2013/09/16  ver 3.4  Verb mode for urls, etc.
)
LaTeX Info: Redefining \url on input line 4763.
\XeTeXLinkMargin=\dimen264
(c:/Users/jzemm/AppData/Roaming/TinyTeX/texmf-dist/tex/generic/bitset/bitset.sty
Package: bitset 2019/12/09 v1.3 Handle bit-vector datatype (HO)
(c:/Users/jzemm/AppData/Roaming/TinyTeX/texmf-dist/tex/generic/bigintcalc/bigintcalc.sty
Package: bigintcalc 2019/12/15 v1.5 Expandable calculations on big integers (HO)
))
\Fld@menulength=\count335
\Field@Width=\dimen265
\Fld@charsize=\dimen266
Package hyperref Info: Hyper figures OFF on input line 6042.
Package hyperref Info: Link nesting OFF on input line 6047.
Package hyperref Info: Hyper index ON on input line 6050.
Package hyperref Info: backreferencing OFF on input line 6057.
Package hyperref Info: Link coloring OFF on input line 6062.
Package hyperref Info: Link coloring with OCG OFF on input line 6067.
Package hyperref Info: PDF/A mode OFF on input line 6072.
(c:/Users/jzemm/AppData/Roaming/TinyTeX/texmf-dist/tex/latex/base/atbegshi-ltx.sty
Package: atbegshi-ltx 2021/01/10 v1.0c Emulation of the original atbegshi
package with kernel methods
)
\Hy@abspage=\count336
\c@Item=\count337
\c@Hfootnote=\count338
)
Package hyperref Info: Driver (autodetected): hxetex.
(c:/Users/jzemm/AppData/Roaming/TinyTeX/texmf-dist/tex/latex/hyperref/hxetex.def
File: hxetex.def 2023-02-07 v7.00v Hyperref driver for XeTeX
(c:/Users/jzemm/AppData/Roaming/TinyTeX/texmf-dist/tex/generic/stringenc/stringenc.sty
Package: stringenc 2019/11/29 v1.12 Convert strings between diff. encodings (HO)
)
\pdfm@box=\box74
\c@Hy@AnnotLevel=\count339
\HyField@AnnotCount=\count340
\Fld@listcount=\count341
\c@bookmark@seq@number=\count342
(c:/Users/jzemm/AppData/Roaming/TinyTeX/texmf-dist/tex/latex/rerunfilecheck/rerunfilecheck.sty
Package: rerunfilecheck 2022-07-10 v1.10 Rerun checks for auxiliary files (HO)
(c:/Users/jzemm/AppData/Roaming/TinyTeX/texmf-dist/tex/latex/base/atveryend-ltx.sty
Package: atveryend-ltx 2020/08/19 v1.0a Emulation of the original atveryend package
with kernel methods
) (c:/Users/jzemm/AppData/Roaming/TinyTeX/texmf-dist/tex/generic/uniquecounter/uniquecounter.sty
Package: uniquecounter 2019/12/15 v1.4 Provide unlimited unique counter (HO)
)
Package uniquecounter Info: New unique counter `rerunfilecheck' on input line 285.
)
\Hy@SectionHShift=\skip71
)
Package hyperref Info: Option `unicode' set `true' on input line 44.
Package hyperref Info: Option `colorlinks' set `true' on input line 44.
Package hyperref Info: Option `breaklinks' set `true' on input line 44.
(c:/Users/jzemm/AppData/Roaming/TinyTeX/texmf-dist/tex/latex/graphics/color.sty
Package: color 2022/01/06 v1.3d Standard LaTeX Color (DPC)
(c:/Users/jzemm/AppData/Roaming/TinyTeX/texmf-dist/tex/latex/graphics-cfg/color.cfg
File: color.cfg 2016/01/02 v1.6 sample color configuration
)
Package color Info: Driver file: xetex.def on input line 149.
(c:/Users/jzemm/AppData/Roaming/TinyTeX/texmf-dist/tex/latex/graphics/dvipsnam.def
File: dvipsnam.def 2016/06/17 v3.0m Driver-dependent file (DPC,SPQR)
) (c:/Users/jzemm/AppData/Roaming/TinyTeX/texmf-dist/tex/latex/graphics/mathcolor.ltx)) (c:/Users/jzemm/AppData/Roaming/TinyTeX/texmf-dist/tex/latex/fancyvrb/fancyvrb.sty
Package: fancyvrb 2023/01/19 4.5a verbatim text (tvz,hv)
\FV@CodeLineNo=\count343
\FV@InFile=\read2
\FV@TabBox=\box75
\c@FancyVerbLine=\count344
\FV@StepNumber=\count345
\FV@OutFile=\write3
) (c:/Users/jzemm/AppData/Roaming/TinyTeX/texmf-dist/tex/latex/framed/framed.sty
Package: framed 2011/10/22 v 0.96: framed or shaded text with page breaks
\OuterFrameSep=\skip72
\fb@frw=\dimen267
\fb@frh=\dimen268
\FrameRule=\dimen269
\FrameSep=\dimen270
) (c:/Users/jzemm/AppData/Roaming/TinyTeX/texmf-dist/tex/latex/widetable/widetable.sty
Package: widetable 2020-01-13 v.2.1 Package for typesetting specified width tables
) (c:/Users/jzemm/AppData/Roaming/TinyTeX/texmf-dist/tex/latex/graphics/graphicx.sty
Package: graphicx 2021/09/16 v1.2d Enhanced LaTeX Graphics (DPC,SPQR)
\Gin@req@height=\dimen271
\Gin@req@width=\dimen272
) (c:/Users/jzemm/AppData/Roaming/TinyTeX/texmf-dist/tex/latex/grffile/grffile.sty
Package: grffile 2019/11/11 v2.1 Extended file name support for graphics (legacy)
Package grffile Info: This package is an empty stub for compatibility on input line 40.
)
Package color Info: Redefining color shadecolor on input line 107.
(c:/Users/jzemm/AppData/Roaming/TinyTeX/texmf-dist/tex/latex/colortbl/colortbl.sty
Package: colortbl 2022/06/20 v1.0f Color table columns (DPC)
\everycr=\toks38
\minrowclearance=\skip73
\rownum=\count346
) (c:/Users/jzemm/AppData/Roaming/TinyTeX/texmf-dist/tex/latex/xcolor/xcolor.sty
Package: xcolor 2022/06/12 v2.14 LaTeX color extensions (UK)
(c:/Users/jzemm/AppData/Roaming/TinyTeX/texmf-dist/tex/latex/graphics-cfg/color.cfg
File: color.cfg 2016/01/02 v1.6 sample color configuration
)
Package xcolor Info: Driver file: xetex.def on input line 227.
LaTeX Info: Redefining \color on input line 711.
(c:/Users/jzemm/AppData/Roaming/TinyTeX/texmf-dist/tex/latex/graphics/mathcolor.ltx)
Package xcolor Info: Model `cmy' substituted by `cmy0' on input line 1353.
Package xcolor Info: Model `RGB' extended on input line 1369.
Package xcolor Info: Model `HTML' substituted by `rgb' on input line 1371.
Package xcolor Info: Model `Hsb' substituted by `hsb' on input line 1372.
Package xcolor Info: Model `tHsb' substituted by `hsb' on input line 1373.
Package xcolor Info: Model `HSB' substituted by `hsb' on input line 1374.
Package xcolor Info: Model `Gray' substituted by `gray' on input line 1375.
Package xcolor Info: Model `wave' substituted by `hsb' on input line 1376.
) (./thesis.aux (./preface/dedication.aux) (./preface/acknowl.aux))
\openout1 = `thesis.aux'.

LaTeX Font Info:    Checking defaults for OML/cmm/m/it on input line 240.
LaTeX Font Info:    ... okay on input line 240.
LaTeX Font Info:    Checking defaults for OMS/cmsy/m/n on input line 240.
LaTeX Font Info:    ... okay on input line 240.
LaTeX Font Info:    Checking defaults for OT1/cmr/m/n on input line 240.
LaTeX Font Info:    ... okay on input line 240.
LaTeX Font Info:    Checking defaults for T1/cmr/m/n on input line 240.
LaTeX Font Info:    ... okay on input line 240.
LaTeX Font Info:    Checking defaults for TS1/cmr/m/n on input line 240.
LaTeX Font Info:    Trying to load font information for TS1+cmr on input line 240.
(c:/Users/jzemm/AppData/Roaming/TinyTeX/texmf-dist/tex/latex/base/ts1cmr.fd
File: ts1cmr.fd 2022/07/10 v2.5l Standard LaTeX font definitions
)
LaTeX Font Info:    ... okay on input line 240.
LaTeX Font Info:    Checking defaults for TU/lmr/m/n on input line 240.
LaTeX Font Info:    ... okay on input line 240.
LaTeX Font Info:    Checking defaults for OMX/cmex/m/n on input line 240.
LaTeX Font Info:    ... okay on input line 240.
LaTeX Font Info:    Checking defaults for U/cmr/m/n on input line 240.
LaTeX Font Info:    ... okay on input line 240.
LaTeX Font Info:    Checking defaults for PD1/pdf/m/n on input line 240.
LaTeX Font Info:    ... okay on input line 240.
LaTeX Font Info:    Checking defaults for PU/pdf/m/n on input line 240.
LaTeX Font Info:    ... okay on input line 240.
*geometry* driver: auto-detecting
*geometry* detected driver: xetex
*geometry* verbose mode - [ preamble ] result:
* driver: xetex
* paper: letterpaper
* layout: <same size as paper>
* layoutoffset:(h,v)=(0.0pt,0.0pt)
* modes: includehead 
* h-part:(L,W,R)=(108.405pt, 433.62001pt, 72.26999pt)
* v-part:(T,H,B)=(72.26999pt, 650.43001pt, 72.26999pt)
* \paperwidth=614.295pt
* \paperheight=794.96999pt
* \textwidth=433.62001pt
* \textheight=613.43001pt
* \oddsidemargin=36.13501pt
* \evensidemargin=36.13501pt
* \topmargin=0.0pt
* \headheight=12.0pt
* \headsep=25.0pt
* \topskip=11.0pt
* \footskip=30.0pt
* \marginparwidth=59.0pt
* \marginparsep=10.0pt
* \columnsep=10.0pt
* \skip\footins=10.0pt plus 4.0pt minus 2.0pt
* \hoffset=0.0pt
* \voffset=0.0pt
* \mag=1000
* \@twocolumnfalse
* \@twosidefalse
* \@mparswitchfalse
* \@reversemarginfalse
* (1in=72.27pt=25.4mm, 1cm=28.453pt)

Package caption Info: Begin \AtBeginDocument code.
Package caption Info: subfig package v1.3 is loaded.
Package caption Info: float package is loaded.
Package caption Info: hyperref package is loaded.
Package caption Info: longtable package is loaded.
(c:/Users/jzemm/AppData/Roaming/TinyTeX/texmf-dist/tex/latex/caption/ltcaption.sty
Package: ltcaption 2021/01/08 v1.4c longtable captions (AR)
)
Package caption Info: threeparttable package is loaded.
Package caption Info: wrapfig package is loaded.
Package caption Info: End \AtBeginDocument code.
LaTeX Info: Redefining \microtypecontext on input line 240.
Package microtype Info: Applying patch `item' on input line 240.
Package microtype Info: Applying patch `toc' on input line 240.
Package microtype Info: Applying patch `eqnum' on input line 240.
Package microtype Info: Applying patch `footnote' on input line 240.
Package microtype Info: Applying patch `verbatim' on input line 240.
Package microtype Info: Character protrusion enabled (level 2).
Package microtype Info: Using protrusion set `basicmath'.
Package microtype Info: No adjustment of tracking.
Package microtype Info: No adjustment of spacing.
Package microtype Info: No adjustment of kerning.
(c:/Users/jzemm/AppData/Roaming/TinyTeX/texmf-dist/tex/latex/microtype/mt-LatinModernRoman.cfg
File: mt-LatinModernRoman.cfg 2021/02/21 v1.1 microtype config. file: Latin Modern Roman (RS)
)
Package hyperref Info: Link coloring ON on input line 240.
(./thesis.out) (./thesis.out)
\@outlinefile=\write4
\openout4 = `thesis.out'.

[1


]
\openout2 = `preface/dedication.aux'.

(./preface/dedication.tex) [2



] (./thesis.toc
LaTeX Font Info:    Trying to load font information for OT1+ztmcm on input line 2.
(c:/Users/jzemm/AppData/Roaming/TinyTeX/texmf-dist/tex/latex/psnfss/ot1ztmcm.fd
File: ot1ztmcm.fd 2000/01/03 Fontinst v1.801 font definitions for OT1/ztmcm.
)
LaTeX Font Info:    Trying to load font information for OML+ztmcm on input line 2.
(c:/Users/jzemm/AppData/Roaming/TinyTeX/texmf-dist/tex/latex/psnfss/omlztmcm.fd
File: omlztmcm.fd 2000/01/03 Fontinst v1.801 font definitions for OML/ztmcm.
)
LaTeX Font Info:    Trying to load font information for OMS+ztmcm on input line 2.
(c:/Users/jzemm/AppData/Roaming/TinyTeX/texmf-dist/tex/latex/psnfss/omsztmcm.fd
File: omsztmcm.fd 2000/01/03 Fontinst v1.801 font definitions for OMS/ztmcm.
)
LaTeX Font Info:    Trying to load font information for OMX+ztmcm on input line 2.
(c:/Users/jzemm/AppData/Roaming/TinyTeX/texmf-dist/tex/latex/psnfss/omxztmcm.fd
File: omxztmcm.fd 2000/01/03 Fontinst v1.801 font definitions for OMX/ztmcm.
) (c:/Users/jzemm/AppData/Roaming/TinyTeX/texmf-dist/tex/latex/microtype/mt-msa.cfg
File: mt-msa.cfg 2006/02/04 v1.1 microtype config. file: AMS symbols (a) (RS)
) (c:/Users/jzemm/AppData/Roaming/TinyTeX/texmf-dist/tex/latex/microtype/mt-msb.cfg
File: mt-msb.cfg 2005/06/01 v1.0 microtype config. file: AMS symbols (b) (RS)
)
LaTeX Font Info:    Trying to load font information for OT1+ptm on input line 2.
(c:/Users/jzemm/AppData/Roaming/TinyTeX/texmf-dist/tex/latex/psnfss/ot1ptm.fd
File: ot1ptm.fd 2001/06/04 font definitions for OT1/ptm.
)
LaTeX Font Info:    Font shape `OT1/ptm/bx/n' in size <10.95> not available
(Font)              Font shape `OT1/ptm/b/n' tried instead on input line 2.
(c:/Users/jzemm/AppData/Roaming/TinyTeX/texmf-dist/tex/latex/microtype/mt-ptm.cfg
File: mt-ptm.cfg 2006/04/20 v1.7 microtype config. file: Times (RS)
)
LaTeX Font Info:    Font shape `OT1/ptm/bx/n' in size <8> not available
(Font)              Font shape `OT1/ptm/b/n' tried instead on input line 2.
LaTeX Font Info:    Font shape `OT1/ptm/bx/n' in size <6> not available
(Font)              Font shape `OT1/ptm/b/n' tried instead on input line 2.
LaTeX Font Info:    Trying to load font information for U+stmry on input line 2.
(c:/Users/jzemm/AppData/Roaming/TinyTeX/texmf-dist/tex/latex/stmaryrd/Ustmry.fd) [3



] [4])
\tf@toc=\write5
\openout5 = `thesis.toc'.

[5] (./thesis.lot

Package xcolor Warning: Incompatible color definition on input line 2.


Package xcolor Warning: Incompatible color definition on input line 3.


Package xcolor Warning: Incompatible color definition on input line 5.


Package xcolor Warning: Incompatible color definition on input line 6.


Package xcolor Warning: Incompatible color definition on input line 7.

)
\tf@lot=\write6
\openout6 = `thesis.lot'.

[6


] (./thesis.lof

Package xcolor Warning: Incompatible color definition on input line 2.


Package xcolor Warning: Incompatible color definition on input line 3.


Package xcolor Warning: Incompatible color definition on input line 4.


Package xcolor Warning: Incompatible color definition on input line 5.


Package xcolor Warning: Incompatible color definition on input line 6.


Package xcolor Warning: Incompatible color definition on input line 7.


Package xcolor Warning: Incompatible color definition on input line 8.

[7


]

Package xcolor Warning: Incompatible color definition on input line 9.


Package xcolor Warning: Incompatible color definition on input line 10.


Package xcolor Warning: Incompatible color definition on input line 11.


Package xcolor Warning: Incompatible color definition on input line 12.


Package xcolor Warning: Incompatible color definition on input line 13.


Package xcolor Warning: Incompatible color definition on input line 14.


Package xcolor Warning: Incompatible color definition on input line 15.


Package xcolor Warning: Incompatible color definition on input line 16.

[8]

Package xcolor Warning: Incompatible color definition on input line 17.


Package xcolor Warning: Incompatible color definition on input line 18.


Package xcolor Warning: Incompatible color definition on input line 19.


Package xcolor Warning: Incompatible color definition on input line 20.


Package xcolor Warning: Incompatible color definition on input line 21.


Package xcolor Warning: Incompatible color definition on input line 22.


Package xcolor Warning: Incompatible color definition on input line 23.


Package xcolor Warning: Incompatible color definition on input line 24.

[9]

Package xcolor Warning: Incompatible color definition on input line 25.


Package xcolor Warning: Incompatible color definition on input line 26.


Package xcolor Warning: Incompatible color definition on input line 28.


Package xcolor Warning: Incompatible color definition on input line 29.


Package xcolor Warning: Incompatible color definition on input line 30.

[10]

Package xcolor Warning: Incompatible color definition on input line 33.


Package xcolor Warning: Incompatible color definition on input line 34.


Package xcolor Warning: Incompatible color definition on input line 35.


Package xcolor Warning: Incompatible color definition on input line 36.

[11]

Package xcolor Warning: Incompatible color definition on input line 37.


Package xcolor Warning: Incompatible color definition on input line 38.


Package xcolor Warning: Incompatible color definition on input line 39.

[12]

Package xcolor Warning: Incompatible color definition on input line 40.


Package xcolor Warning: Incompatible color definition on input line 41.


Package xcolor Warning: Incompatible color definition on input line 42.

[13]

Package xcolor Warning: Incompatible color definition on input line 43.

)
\tf@lof=\write7
\openout7 = `thesis.lof'.

[14]
\openout2 = `preface/acknowl.aux'.

(./preface/acknowl.tex
ACKNOWLEDGEMENTS
) [15



]
ABSTRACT
[16



]
CHAPTER\  1.
[1

]

Package xcolor Warning: Incompatible color definition on input line 311.

File: images/bulletdiagram1.png Graphic file (type bmp)
<images/bulletdiagram1.png>

Package xcolor Warning: Incompatible color definition on input line 323.


Package xcolor Warning: Incompatible color definition on input line 324.

File: images/Parts-pistol.png Graphic file (type bmp)
<images/Parts-pistol.png>

Package xcolor Warning: Incompatible color definition on input line 338.

File: images/firingCartridgeDiagram.jpg Graphic file (type bmp)
<images/firingCartridgeDiagram.jpg>
[2]

Package xcolor Warning: Incompatible color definition on input line 352.

File: images/breechFaceImpressionDiagram.jpg Graphic file (type bmp)
<images/breechFaceImpressionDiagram.jpg>

Package xcolor Warning: Incompatible color definition on input line 363.

File: images/realCartridgeCaseImage.jpg Graphic file (type bmp)
<images/realCartridgeCaseImage.jpg>

Package xcolor Warning: Incompatible color definition on input line 380.


Package xcolor Warning: Incompatible color definition on input line 383.

[3] [4]
File: images/comparisonMicroscope.png Graphic file (type bmp)
<images/comparisonMicroscope.png>
[5] [6] [7] [8] [9]

Package xcolor Warning: Incompatible color definition on input line 507.

File: images/pipelineDiagram_6-8-22.png Graphic file (type bmp)
<images/pipelineDiagram_6-8-22.png>
[10] [11]

Package xcolor Warning: Incompatible color definition on input line 530.

File: images/fadul1-1_sidebyside.png Graphic file (type bmp)
<images/fadul1-1_sidebyside.png>

Package xcolor Warning: Incompatible color definition on input line 542.

[12]
File: images/TopMatchSystem7.png Graphic file (type bmp)
<images/TopMatchSystem7.png>

Package xcolor Warning: Incompatible color definition on input line 557.

File: images/x3pFlowchart.jpg Graphic file (type bmp)
<images/x3pFlowchart.jpg>

Package xcolor Warning: Incompatible color definition on input line 573.

[13] [14] [15] [16] [17] [18] [19] [20]

Package xcolor Warning: Incompatible color definition on input line 696.

File: thesis_files/figure-latex/anscombeQuartet-1.pdf Graphic file (type pdf)
<use thesis_files/figure-latex/anscombeQuartet-1.pdf>

Package xcolor Warning: Incompatible color definition on input line 708.

[21] [22]

Package xcolor Warning: Incompatible color definition on input line 767.

File: thesis_files/figure-latex/chickweightExample-1.pdf Graphic file (type pdf)
<use thesis_files/figure-latex/chickweightExample-1.pdf>

Package xcolor Warning: Incompatible color definition on input line 792.

[23]

Package xcolor Warning: Incompatible color definition on input line 797.


Package xcolor Warning: Incompatible color definition on input line 809.


Package xcolor Warning: Incompatible color definition on input line 809.


Package xcolor Warning: Incompatible color definition on input line 809.

[24]

Package xcolor Warning: Incompatible color definition on input line 809.


Package xcolor Warning: Incompatible color definition on input line 809.

File: thesis_files/figure-latex/ggplot2Example-1.pdf Graphic file (type pdf)
<use thesis_files/figure-latex/ggplot2Example-1.pdf>
[25]

Package xcolor Warning: Incompatible color definition on input line 838.

[26]
File: images/topMatchSoftwareAnnotation.jpg Graphic file (type bmp)
<images/topMatchSoftwareAnnotation.jpg>
[27] [28]

Package xcolor Warning: Incompatible color definition on input line 944.

[29]
File: figures/unnamed-chunk-13-1.pdf Graphic file (type pdf)
<use figures/unnamed-chunk-13-1.pdf>
[30]

Package xcolor Warning: Incompatible color definition on input line 988.


Package xcolor Warning: Incompatible color definition on input line 989.


Package xcolor Warning: Incompatible color definition on input line 997.

[31]

Package xcolor Warning: Incompatible color definition on input line 1003.

File: figures/unnamed-chunk-14-1.pdf Graphic file (type pdf)
<use figures/unnamed-chunk-14-1.pdf>
[32] [33] [34]

Package xcolor Warning: Incompatible color definition on input line 1104.

File: figures/unnamed-chunk-15-1.pdf Graphic file (type pdf)
<use figures/unnamed-chunk-15-1.pdf>
[35]

Package xcolor Warning: Incompatible color definition on input line 1134.

File: figures/dbscanExample_corePoint.png Graphic file (type bmp)
<figures/dbscanExample_corePoint.png>

Package xcolor Warning: Incompatible color definition on input line 1151.

[36]

Package xcolor Warning: Incompatible color definition on input line 1156.

File: figures/dbscanExample_densityReachable.png Graphic file (type bmp)
<figures/dbscanExample_densityReachable.png>

Package xcolor Warning: Incompatible color definition on input line 1171.

File: figures/dbscanExample_densityConnected.png Graphic file (type bmp)
<figures/dbscanExample_densityConnected.png>
[37] [38]

Package xcolor Warning: Incompatible color definition on input line 1196.

File: figures/dbscanExample_clusters.png Graphic file (type bmp)
<figures/dbscanExample_clusters.png>
[39] [40]

Package xcolor Warning: Incompatible color definition on input line 1277.

[41]

Package xcolor Warning: Incompatible color definition on input line 1306.


Package xcolor Warning: Incompatible color definition on input line 1306.


Package xcolor Warning: Incompatible color definition on input line 1306.


Package xcolor Warning: Incompatible color definition on input line 1306.


Package xcolor Warning: Incompatible color definition on input line 1308.

File: images/taiEddyPreprocess.png Graphic file (type bmp)
<images/taiEddyPreprocess.png>

Package xcolor Warning: Incompatible color definition on input line 1319.

File: images/riceBulletPreprocessDiagram.png Graphic file (type bmp)
<images/riceBulletPreprocessDiagram.png>

Package xcolor Warning: Incompatible color definition on input line 1330.

File: images/handwriterPreprocessDiagram.png Graphic file (type bmp)
<images/handwriterPreprocessDiagram.png>

Package xcolor Warning: Incompatible color definition on input line 1341.

File: figures/preProcessPlots.png Graphic file (type bmp)
<figures/preProcessPlots.png>
[42] [43] [44] [45]
CHAPTER\  2.
[46

] [47] [48] [49]

Package xcolor Warning: Incompatible color definition on input line 1441.

File: images/cartridgeCasePair_comparison_with_line.png Graphic file (type bmp)
<images/cartridgeCasePair_comparison_with_line.png>

Overfull \hbox (241.00276pt too wide) in paragraph at lines 1448--1449
 [][][][] 
 []

[50] [51] [52]
File: images/overview-flow.png Graphic file (type bmp)
<images/overview-flow.png>
[53]

Package xcolor Warning: Incompatible color definition on input line 1514.

LaTeX Font Info:    Font shape `TU/lmtt/bx/n' in size <10.95> not available
(Font)              Font shape `TU/lmtt/b/n' tried instead on input line 1528.

Package xcolor Warning: Incompatible color definition on input line 1533.


Package xcolor Warning: Incompatible color definition on input line 1533.


Package xcolor Warning: Incompatible color definition on input line 1533.

[54]

Package xcolor Warning: Incompatible color definition on input line 1533.


Package xcolor Warning: Incompatible color definition on input line 1533.


Package xcolor Warning: Incompatible color definition on input line 1539.

File: figures/fadul1-1.png Graphic file (type bmp)
<figures/fadul1-1.png>
File: figures/fadul1-2.png Graphic file (type bmp)
<figures/fadul1-2.png>
[55] [56]

Package xcolor Warning: Incompatible color definition on input line 1562.

File: images/preprocessing_flow.png Graphic file (type bmp)
<images/preprocessing_flow.png>

Overfull \hbox (1290.38086pt too wide) in paragraph at lines 1566--1567
 [][][][] 
 []


LaTeX Warning: Float too large for page by 50.79015pt on input line 1571.


Package xcolor Warning: Incompatible color definition on input line 1573.


Package xcolor Warning: Incompatible color definition on input line 1574.


Package xcolor Warning: Incompatible color definition on input line 1598.


Package xcolor Warning: Incompatible color definition on input line 1599.

File: figures/preProcessPipeline.png Graphic file (type bmp)
<figures/preProcessPipeline.png>

Overfull \hbox (36.14194pt too wide) in paragraph at lines 1604--1605
 [][][][] 
 []

[57] [58]

Package xcolor Warning: Incompatible color definition on input line 1614.


Package xcolor Warning: Incompatible color definition on input line 1619.


Package xcolor Warning: Incompatible color definition on input line 1619.


Package xcolor Warning: Incompatible color definition on input line 1625.


Package xcolor Warning: Incompatible color definition on input line 1627.

[59] [60]

Package xcolor Warning: Incompatible color definition on input line 1634.


Package xcolor Warning: Incompatible color definition on input line 1634.


Package xcolor Warning: Incompatible color definition on input line 1638.


Package xcolor Warning: Incompatible color definition on input line 1641.


Package xcolor Warning: Incompatible color definition on input line 1647.


Package xcolor Warning: Incompatible color definition on input line 1647.


Package xcolor Warning: Incompatible color definition on input line 1649.


Package xcolor Warning: Incompatible color definition on input line 1650.


Package xcolor Warning: Incompatible color definition on input line 1652.


Package xcolor Warning: Incompatible color definition on input line 1659.


Package xcolor Warning: Incompatible color definition on input line 1659.


Package xcolor Warning: Incompatible color definition on input line 1662.

[61]

Package xcolor Warning: Incompatible color definition on input line 1666.

File: thesis_files/figure-latex/processedScans-1.pdf Graphic file (type pdf)
<use thesis_files/figure-latex/processedScans-1.pdf>
[62]
File: images/cmc_illustration.png Graphic file (type bmp)
<images/cmc_illustration.png>

Package xcolor Warning: Incompatible color definition on input line 1698.

File: images/cmc_flow.png Graphic file (type bmp)
<images/cmc_flow.png>

Overfull \hbox (575.31494pt too wide) in paragraph at lines 1703--1704
 [][][][] 
 []


LaTeX Warning: Float too large for page by 29.15617pt on input line 1708.


Package xcolor Warning: Incompatible color definition on input line 1710.

[63] [64] [65]

Package xcolor Warning: Incompatible color definition on input line 1741.


Package xcolor Warning: Incompatible color definition on input line 1746.


Underfull \hbox (badness 5022) in paragraph at lines 1750--1752
[]\TU/lmr/m/n/10.95 The optimal translation is determined using the FFT-based CCF (using
 []

[66]

Package xcolor Warning: Incompatible color definition on input line 1760.


Package xcolor Warning: Incompatible color definition on input line 1775.


Package xcolor Warning: Incompatible color definition on input line 1775.

[67]

Package xcolor Warning: Incompatible color definition on input line 1802.

[68] [69]

Package xcolor Warning: Incompatible color definition on input line 1853.

[70] [71]

Package xcolor Warning: Incompatible color definition on input line 1922.

[72]

Package xcolor Warning: Incompatible color definition on input line 1934.


Package xcolor Warning: Incompatible color definition on input line 1934.


Package xcolor Warning: Incompatible color definition on input line 1937.

File: figures/kmOriginalMethod.png Graphic file (type bmp)
<figures/kmOriginalMethod.png>

Overfull \hbox (72.27747pt too wide) in paragraph at lines 1945--1946
 [][][][] 
 []


Package xcolor Warning: Incompatible color definition on input line 1952.

File: figures/kmHighCMC.png Graphic file (type bmp)
<figures/kmHighCMC.png>

Overfull \hbox (72.27747pt too wide) in paragraph at lines 1958--1959
 [][][][] 
 []


LaTeX Warning: Float too large for page by 11.2675pt on input line 1963.


Package xcolor Warning: Incompatible color definition on input line 1965.

File: figures/knmOriginalMethod.png Graphic file (type bmp)
<figures/knmOriginalMethod.png>

Overfull \hbox (72.27747pt too wide) in paragraph at lines 1972--1973
 [][][][] 
 []

[73] [74] [75] [76] [77]

Package xcolor Warning: Incompatible color definition on input line 2005.

[78]

Package xcolor Warning: Incompatible color definition on input line 2038.

File: figures/cmcDistributionExample.png Graphic file (type bmp)
<figures/cmcDistributionExample.png>

Overfull \hbox (72.29291pt too wide) in paragraph at lines 2043--2044
 [][][][] 
 []

[79]

Package xcolor Warning: Incompatible color definition on input line 2063.


Package xcolor Warning: Incompatible color definition on input line 2066.

[80]
File: figures/varianceRatioPlt.png Graphic file (type bmp)
<figures/varianceRatioPlt.png>

Overfull \hbox (144.56616pt too wide) in paragraph at lines 2070--2071
 [][][][] 
 []


Package xcolor Warning: Incompatible color definition on input line 2077.


Package xcolor Warning: Incompatible color definition on input line 2079.

[81]

Package xcolor Warning: Incompatible color definition on input line 2083.

File: figures/varianceRatio_paperComparisons.png Graphic file (type bmp)
<figures/varianceRatio_paperComparisons.png>

Overfull \hbox (72.29291pt too wide) in paragraph at lines 2089--2090
 [][][][] 
 []

[82] [83] [84] [85] [86] [87]
CHAPTER\  3.
[88

]
CHAPTER\  4.
[89

] (./thesis.bbl
Overfull \hbox (9.0pt too wide) in paragraph at lines 1--1
 []   [] 
 []

[90

] [91] [92] [93] [94] [95] [96] [97]
Underfull \hbox (badness 1168) in paragraph at lines 459--463
[]\TU/lmr/m/n/10.95 Peng, R. D. (2011).  Reproducible Research in Computational Science.  \TU/lmr/m/it/10.95 Science\TU/lmr/m/n/10.95 ,
 []

[98] [99] [100] [101] [102] [103]) [104] (./thesis.aux (./preface/dedication.aux) (./preface/acknowl.aux))
Package rerunfilecheck Info: File `thesis.out' has not changed.
(rerunfilecheck)             Checksum: 330E6EBF04CD23619AE2A35C3AE97F46;9109.
 ) 
Here is how much of TeX's memory you used:
 20945 strings out of 478683
 408767 string characters out of 5847395
 1858012 words of memory out of 5000000
 40627 multiletter control sequences out of 15000+600000
 522807 words of font info for 72 fonts, out of 8000000 for 9000
 14 hyphenation exceptions out of 8191
 102i,18n,106p,1485b,682s stack positions out of 10000i,1000n,20000p,200000b,200000s

Output written on thesis.pdf (120 pages).
